# JRE version: Java(TM) SE Runtime Environment (8.0_51-b16) (build 1.8.0_51-b16)
# Java VM: Java HotSpot(TM) 64-Bit Server VM (25.51-b03 mixed mode windows-amd64 compressed oops)
Heap:
 PSYoungGen      total 2272768K, used 1059827K [0x0000000715580000, 0x00000007bc100000, 0x00000007c0000000)
  eden space 1826304K, 58% used [0x0000000715580000,0x000000075602cf18,0x0000000784d00000)
  from space 446464K, 0% used [0x00000007a0d00000,0x00000007a0d50000,0x00000007bc100000)
  to   space 452608K, 0% used [0x0000000784d00000,0x0000000784d00000,0x00000007a0700000)
 ParOldGen       total 3377152K, used 2829841K [0x00000005c0000000, 0x000000068e200000, 0x0000000715580000)
  object space 3377152K, 83% used [0x00000005c0000000,0x000000066cb84628,0x000000068e200000)
 Metaspace       used 344660K, capacity 398480K, committed 398796K, reserved 1374208K
  class space    used 60779K, capacity 74892K, committed 74956K, reserved 1048576K
GC Heap History (10 events):
Event: 5121.712 GC heap before
{Heap before GC invocations=260 (full 13):
 PSYoungGen      total 2208256K, used 1645120K [0x0000000715580000, 0x00000007be780000, 0x00000007c0000000)
  eden space 1644544K, 100% used [0x0000000715580000,0x0000000779b80000,0x0000000779b80000)
  from space 563712K, 0% used [0x0000000779b80000,0x0000000779c10000,0x000000079c200000)
  to   space 550400K, 0% used [0x000000079ce00000,0x000000079ce00000,0x00000007be780000)
 ParOldGen       total 3377152K, used 2823236K [0x00000005c0000000, 0x000000068e200000, 0x0000000715580000)
  object space 3377152K, 83% used [0x00000005c0000000,0x000000066c511158,0x000000068e200000)
 Metaspace       used 344660K, capacity 398480K, committed 398796K, reserved 1374208K
  class space    used 60779K, capacity 74892K, committed 74956K, reserved 1048576K
Event: 5121.806 GC heap after
Heap after GC invocations=260 (full 13):
 PSYoungGen      total 2211328K, used 384K [0x0000000715580000, 0x00000007bd300000, 0x00000007c0000000)
  eden space 1681920K, 0% used [0x0000000715580000,0x0000000715580000,0x000000077c000000)
  from space 529408K, 0% used [0x000000079ce00000,0x000000079ce60000,0x00000007bd300000)
  to   space 534016K, 0% used [0x000000077c000000,0x000000077c000000,0x000000079c980000)
 ParOldGen       total 3377152K, used 2823404K [0x00000005c0000000, 0x000000068e200000, 0x0000000715580000)
  object space 3377152K, 83% used [0x00000005c0000000,0x000000066c53b158,0x000000068e200000)
 Metaspace       used 344660K, capacity 398480K, committed 398796K, reserved 1374208K
  class space    used 60779K, capacity 74892K, committed 74956K, reserved 1048576K
}
Event: 5123.548 GC heap before
{Heap before GC invocations=261 (full 13):
 PSYoungGen      total 2211328K, used 1682304K [0x0000000715580000, 0x00000007bd300000, 0x00000007c0000000)
  eden space 1681920K, 100% used [0x0000000715580000,0x000000077c000000,0x000000077c000000)
  from space 529408K, 0% used [0x000000079ce00000,0x000000079ce60000,0x00000007bd300000)
  to   space 534016K, 0% used [0x000000077c000000,0x000000077c000000,0x000000079c980000)
 ParOldGen       total 3377152K, used 2827184K [0x00000005c0000000, 0x000000068e200000, 0x0000000715580000)
  object space 3377152K, 83% used [0x00000005c0000000,0x000000066c8ec0e8,0x000000068e200000)
 Metaspace       used 344660K, capacity 398480K, committed 398796K, reserved 1374208K
  class space    used 60779K, capacity 74892K, committed 74956K, reserved 1048576K
Event: 5123.654 GC heap after
Heap after GC invocations=261 (full 13):
 PSYoungGen      total 2215936K, used 384K [0x0000000715580000, 0x00000007be080000, 0x00000007c0000000)
  eden space 1681920K, 0% used [0x0000000715580000,0x0000000715580000,0x000000077c000000)
  from space 534016K, 0% used [0x000000077c000000,0x000000077c060000,0x000000079c980000)
  to   space 515584K, 0% used [0x000000079e900000,0x000000079e900000,0x00000007be080000)
 ParOldGen       total 3377152K, used 2827392K [0x00000005c0000000, 0x000000068e200000, 0x0000000715580000)
  object space 3377152K, 83% used [0x00000005c0000000,0x000000066c9200e8,0x000000068e200000)
 Metaspace       used 344660K, capacity 398480K, committed 398796K, reserved 1374208K
  class space    used 60779K, capacity 74892K, committed 74956K, reserved 1048576K
}
Event: 5125.325 GC heap before
{Heap before GC invocations=262 (full 13):
 PSYoungGen      total 2215936K, used 1682304K [0x0000000715580000, 0x00000007be080000, 0x00000007c0000000)
  eden space 1681920K, 100% used [0x0000000715580000,0x000000077c000000,0x000000077c000000)
  from space 534016K, 0% used [0x000000077c000000,0x000000077c060000,0x000000079c980000)
  to   space 515584K, 0% used [0x000000079e900000,0x000000079e900000,0x00000007be080000)
 ParOldGen       total 3377152K, used 2827394K [0x00000005c0000000, 0x000000068e200000, 0x0000000715580000)
  object space 3377152K, 83% used [0x00000005c0000000,0x000000066c9208e8,0x000000068e200000)
 Metaspace       used 344660K, capacity 398480K, committed 398796K, reserved 1374208K
  class space    used 60779K, capacity 74892K, committed 74956K, reserved 1048576K
Event: 5125.422 GC heap after
Heap after GC invocations=262 (full 13):
 PSYoungGen      total 2235904K, used 448K [0x0000000715580000, 0x00000007bc700000, 0x00000007c0000000)
  eden space 1746432K, 0% used [0x0000000715580000,0x0000000715580000,0x000000077ff00000)
  from space 489472K, 0% used [0x000000079e900000,0x000000079e970010,0x00000007bc700000)
  to   space 495616K, 0% used [0x000000077ff00000,0x000000077ff00000,0x000000079e300000)
 ParOldGen       total 3377152K, used 2827578K [0x00000005c0000000, 0x000000068e200000, 0x0000000715580000)
  object space 3377152K, 83% used [0x00000005c0000000,0x000000066c94e8e8,0x000000068e200000)
 Metaspace       used 344660K, capacity 398480K, committed 398796K, reserved 1374208K
  class space    used 60779K, capacity 74892K, committed 74956K, reserved 1048576K
}
Event: 5127.116 GC heap before
{Heap before GC invocations=263 (full 13):
 PSYoungGen      total 2235904K, used 1746880K [0x0000000715580000, 0x00000007bc700000, 0x00000007c0000000)
  eden space 1746432K, 100% used [0x0000000715580000,0x000000077ff00000,0x000000077ff00000)
  from space 489472K, 0% used [0x000000079e900000,0x000000079e970010,0x00000007bc700000)
  to   space 495616K, 0% used [0x000000077ff00000,0x000000077ff00000,0x000000079e300000)
 ParOldGen       total 3377152K, used 2827598K [0x00000005c0000000, 0x000000068e200000, 0x0000000715580000)
  object space 3377152K, 83% used [0x00000005c0000000,0x000000066c953a58,0x000000068e200000)
 Metaspace       used 344660K, capacity 398480K, committed 398796K, reserved 1374208K
  class space    used 60779K, capacity 74892K, committed 74956K, reserved 1048576K
Event: 5127.216 GC heap after
Heap after GC invocations=263 (full 13):
 PSYoungGen      total 2242048K, used 416K [0x0000000715580000, 0x00000007bdc00000, 0x00000007c0000000)
  eden space 1746432K, 0% used [0x0000000715580000,0x0000000715580000,0x000000077ff00000)
  from space 495616K, 0% used [0x000000077ff00000,0x000000077ff68000,0x000000079e300000)
  to   space 474112K, 0% used [0x00000007a0d00000,0x00000007a0d00000,0x00000007bdc00000)
 ParOldGen       total 3377152K, used 2827799K [0x00000005c0000000, 0x000000068e200000, 0x0000000715580000)
  object space 3377152K, 83% used [0x00000005c0000000,0x000000066c985ef8,0x000000068e200000)
 Metaspace       used 344660K, capacity 398480K, committed 398796K, reserved 1374208K
  class space    used 60779K, capacity 74892K, committed 74956K, reserved 1048576K
}
Event: 5128.945 GC heap before
{Heap before GC invocations=264 (full 13):
 PSYoungGen      total 2242048K, used 1746848K [0x0000000715580000, 0x00000007bdc00000, 0x00000007c0000000)
  eden space 1746432K, 100% used [0x0000000715580000,0x000000077ff00000,0x000000077ff00000)
  from space 495616K, 0% used [0x000000077ff00000,0x000000077ff68000,0x000000079e300000)
  to   space 474112K, 0% used [0x00000007a0d00000,0x00000007a0d00000,0x00000007bdc00000)
 ParOldGen       total 3377152K, used 2829745K [0x00000005c0000000, 0x000000068e200000, 0x0000000715580000)
  object space 3377152K, 83% used [0x00000005c0000000,0x000000066cb6c628,0x000000068e200000)
 Metaspace       used 344660K, capacity 398480K, committed 398796K, reserved 1374208K
  class space    used 60779K, capacity 74892K, committed 74956K, reserved 1048576K
Event: 5129.042 GC heap after
Heap after GC invocations=264 (full 13):
 PSYoungGen      total 2272768K, used 320K [0x0000000715580000, 0x00000007bc100000, 0x00000007c0000000)
  eden space 1826304K, 0% used [0x0000000715580000,0x0000000715580000,0x0000000784d00000)
  from space 446464K, 0% used [0x00000007a0d00000,0x00000007a0d50000,0x00000007bc100000)
  to   space 452608K, 0% used [0x0000000784d00000,0x0000000784d00000,0x00000007a0700000)
 ParOldGen       total 3377152K, used 2829841K [0x00000005c0000000, 0x000000068e200000, 0x0000000715580000)
  object space 3377152K, 83% used [0x00000005c0000000,0x000000066cb84628,0x000000068e200000)
 Metaspace       used 344660K, capacity 398480K, committed 398796K, reserved 1374208K
  class space    used 60779K, capacity 74892K, committed 74956K, reserved 1048576K
}

