# JRE version: Java(TM) SE Runtime Environment (8.0_51-b16) (build 1.8.0_51-b16)
# Java VM: Java HotSpot(TM) 64-Bit Server VM (25.51-b03 mixed mode windows-amd64 compressed oops)
Heap:
 PSYoungGen      total 2207232K, used 68382K [0x0000000715580000, 0x00000007be600000, 0x00000007c0000000)
  eden space 2138624K, 0% used [0x0000000715580000,0x0000000715580000,0x0000000797e00000)
  from space 68608K, 99% used [0x0000000797e00000,0x000000079c0c79a8,0x000000079c100000)
  to   space 313856K, 0% used [0x00000007ab380000,0x00000007ab380000,0x00000007be600000)
 ParOldGen       total 3313152K, used 3312779K [0x00000005c0000000, 0x000000068a380000, 0x0000000715580000)
  object space 3313152K, 99% used [0x00000005c0000000,0x000000068a322f80,0x000000068a380000)
 Metaspace       used 343884K, capacity 397514K, committed 397736K, reserved 1372160K
  class space    used 60655K, capacity 74814K, committed 74928K, reserved 1048576K
GC Heap History (10 events):
Event: 9737.410 GC heap after
Heap after GC invocations=294 (full 11):
 PSYoungGen      total 2309632K, used 179891K [0x0000000715580000, 0x00000007c0000000, 0x00000007c0000000)
  eden space 2129408K, 0% used [0x0000000715580000,0x0000000715580000,0x0000000797500000)
  from space 180224K, 99% used [0x0000000797500000,0x00000007a24acfb8,0x00000007a2500000)
  to   space 334848K, 0% used [0x00000007ab900000,0x00000007ab900000,0x00000007c0000000)
 ParOldGen       total 3300352K, used 3196039K [0x00000005c0000000, 0x0000000689700000, 0x0000000715580000)
  object space 3300352K, 96% used [0x00000005c0000000,0x0000000683121d10,0x0000000689700000)
 Metaspace       used 343884K, capacity 397514K, committed 397736K, reserved 1372160K
  class space    used 60655K, capacity 74814K, committed 74928K, reserved 1048576K
}
Event: 9739.490 GC heap before
{Heap before GC invocations=295 (full 11):
 PSYoungGen      total 2309632K, used 2309299K [0x0000000715580000, 0x00000007c0000000, 0x00000007c0000000)
  eden space 2129408K, 100% used [0x0000000715580000,0x0000000797500000,0x0000000797500000)
  from space 180224K, 99% used [0x0000000797500000,0x00000007a24acfb8,0x00000007a2500000)
  to   space 334848K, 0% used [0x00000007ab900000,0x00000007ab900000,0x00000007c0000000)
 ParOldGen       total 3300352K, used 3196044K [0x00000005c0000000, 0x0000000689700000, 0x0000000715580000)
  object space 3300352K, 96% used [0x00000005c0000000,0x00000006831230e8,0x0000000689700000)
 Metaspace       used 343884K, capacity 397514K, committed 397736K, reserved 1372160K
  class space    used 60655K, capacity 74814K, committed 74928K, reserved 1048576K
Event: 9739.619 GC heap after
Heap after GC invocations=295 (full 11):
 PSYoungGen      total 2461184K, used 179657K [0x0000000715580000, 0x00000007c0000000, 0x00000007c0000000)
  eden space 2126336K, 0% used [0x0000000715580000,0x0000000715580000,0x0000000797200000)
  from space 334848K, 53% used [0x00000007ab900000,0x00000007b6872730,0x00000007c0000000)
  to   space 334848K, 0% used [0x0000000797200000,0x0000000797200000,0x00000007ab900000)
 ParOldGen       total 3300352K, used 3196244K [0x00000005c0000000, 0x0000000689700000, 0x0000000715580000)
  object space 3300352K, 96% used [0x00000005c0000000,0x00000006831550e8,0x0000000689700000)
 Metaspace       used 343884K, capacity 397514K, committed 397736K, reserved 1372160K
  class space    used 60655K, capacity 74814K, committed 74928K, reserved 1048576K
}
Event: 9741.753 GC heap before
{Heap before GC invocations=296 (full 11):
 PSYoungGen      total 2461184K, used 2305993K [0x0000000715580000, 0x00000007c0000000, 0x00000007c0000000)
  eden space 2126336K, 100% used [0x0000000715580000,0x0000000797200000,0x0000000797200000)
  from space 334848K, 53% used [0x00000007ab900000,0x00000007b6872730,0x00000007c0000000)
  to   space 334848K, 0% used [0x0000000797200000,0x0000000797200000,0x00000007ab900000)
 ParOldGen       total 3300352K, used 3198715K [0x00000005c0000000, 0x0000000689700000, 0x0000000715580000)
  object space 3300352K, 96% used [0x00000005c0000000,0x00000006833bee80,0x0000000689700000)
 Metaspace       used 343884K, capacity 397514K, committed 397736K, reserved 1372160K
  class space    used 60655K, capacity 74814K, committed 74928K, reserved 1048576K
Event: 9741.883 GC heap after
Heap after GC invocations=296 (full 11):
 PSYoungGen      total 2305536K, used 179030K [0x0000000715580000, 0x00000007bfd00000, 0x00000007c0000000)
  eden space 2126336K, 0% used [0x0000000715580000,0x0000000715580000,0x0000000797200000)
  from space 179200K, 99% used [0x0000000797200000,0x00000007a20d5a70,0x00000007a2100000)
  to   space 333312K, 0% used [0x00000007ab780000,0x00000007ab780000,0x00000007bfd00000)
 ParOldGen       total 3300352K, used 3199203K [0x00000005c0000000, 0x0000000689700000, 0x0000000715580000)
  object space 3300352K, 96% used [0x00000005c0000000,0x0000000683438e80,0x0000000689700000)
 Metaspace       used 343884K, capacity 397514K, committed 397736K, reserved 1372160K
  class space    used 60655K, capacity 74814K, committed 74928K, reserved 1048576K
}
Event: 9744.003 GC heap before
{Heap before GC invocations=297 (full 11):
 PSYoungGen      total 2305536K, used 2305366K [0x0000000715580000, 0x00000007bfd00000, 0x00000007c0000000)
  eden space 2126336K, 100% used [0x0000000715580000,0x0000000797200000,0x0000000797200000)
  from space 179200K, 99% used [0x0000000797200000,0x00000007a20d5a70,0x00000007a2100000)
  to   space 333312K, 0% used [0x00000007ab780000,0x00000007ab780000,0x00000007bfd00000)
 ParOldGen       total 3300352K, used 3201690K [0x00000005c0000000, 0x0000000689700000, 0x0000000715580000)
  object space 3300352K, 97% used [0x00000005c0000000,0x00000006836a6830,0x0000000689700000)
 Metaspace       used 343884K, capacity 397514K, committed 397736K, reserved 1372160K
  class space    used 60655K, capacity 74814K, committed 74928K, reserved 1048576K
Event: 9744.137 GC heap after
Heap after GC invocations=297 (full 11):
 PSYoungGen      total 2471936K, used 153710K [0x0000000715580000, 0x00000007c0000000, 0x00000007c0000000)
  eden space 2138624K, 0% used [0x0000000715580000,0x0000000715580000,0x0000000797e00000)
  from space 333312K, 46% used [0x00000007ab780000,0x00000007b4d9bad8,0x00000007bfd00000)
  to   space 321024K, 0% used [0x0000000797e00000,0x0000000797e00000,0x00000007ab780000)
 ParOldGen       total 3300352K, used 3227161K [0x00000005c0000000, 0x0000000689700000, 0x0000000715580000)
  object space 3300352K, 97% used [0x00000005c0000000,0x0000000684f867d0,0x0000000689700000)
 Metaspace       used 343884K, capacity 397514K, committed 397736K, reserved 1372160K
  class space    used 60655K, capacity 74814K, committed 74928K, reserved 1048576K
}
Event: 9746.336 GC heap before
{Heap before GC invocations=298 (full 11):
 PSYoungGen      total 2471936K, used 2292334K [0x0000000715580000, 0x00000007c0000000, 0x00000007c0000000)
  eden space 2138624K, 100% used [0x0000000715580000,0x0000000797e00000,0x0000000797e00000)
  from space 333312K, 46% used [0x00000007ab780000,0x00000007b4d9bad8,0x00000007bfd00000)
  to   space 321024K, 0% used [0x0000000797e00000,0x0000000797e00000,0x00000007ab780000)
 ParOldGen       total 3300352K, used 3227163K [0x00000005c0000000, 0x0000000689700000, 0x0000000715580000)
  object space 3300352K, 97% used [0x00000005c0000000,0x0000000684f86f70,0x0000000689700000)
 Metaspace       used 343884K, capacity 397514K, committed 397736K, reserved 1372160K
  class space    used 60655K, capacity 74814K, committed 74928K, reserved 1048576K
Event: 9746.498 GC heap after
Heap after GC invocations=298 (full 11):
 PSYoungGen      total 2207232K, used 68382K [0x0000000715580000, 0x00000007be600000, 0x00000007c0000000)
  eden space 2138624K, 0% used [0x0000000715580000,0x0000000715580000,0x0000000797e00000)
  from space 68608K, 99% used [0x0000000797e00000,0x000000079c0c79a8,0x000000079c100000)
  to   space 313856K, 0% used [0x00000007ab380000,0x00000007ab380000,0x00000007be600000)
 ParOldGen       total 3313152K, used 3312779K [0x00000005c0000000, 0x000000068a380000, 0x0000000715580000)
  object space 3313152K, 99% used [0x00000005c0000000,0x000000068a322f80,0x000000068a380000)
 Metaspace       used 343884K, capacity 397514K, committed 397736K, reserved 1372160K
  class space    used 60655K, capacity 74814K, committed 74928K, reserved 1048576K
}
Event: 9746.498 GC heap before
{Heap before GC invocations=299 (full 12):
 PSYoungGen      total 2207232K, used 68382K [0x0000000715580000, 0x00000007be600000, 0x00000007c0000000)
  eden space 2138624K, 0% used [0x0000000715580000,0x0000000715580000,0x0000000797e00000)
  from space 68608K, 99% used [0x0000000797e00000,0x000000079c0c79a8,0x000000079c100000)
  to   space 313856K, 0% used [0x00000007ab380000,0x00000007ab380000,0x00000007be600000)
 ParOldGen       total 3313152K, used 3312779K [0x00000005c0000000, 0x000000068a380000, 0x0000000715580000)
  object space 3313152K, 99% used [0x00000005c0000000,0x000000068a322f80,0x000000068a380000)
 Metaspace       used 343884K, capacity 397514K, committed 397736K, reserved 1372160K
  class space    used 60655K, capacity 74814K, committed 74928K, reserved 1048576K

